{"/Users/lizhuang/gitcode/mifanfan-loadable/src/index.js": {"path":"/Users/lizhuang/gitcode/mifanfan-loadable/src/index.js","statementMap":{"0":{"start":{"line":21,"column":6},"end":{"line":21,"column":9}},"1":{"start":{"line":25,"column":6},"end":{"line":25,"column":19}},"2":{"start":{"line":27,"column":6},"end":{"line":31,"column":8}},"3":{"start":{"line":35,"column":28},"end":{"line":35,"column":38}},"4":{"start":{"line":36,"column":6},"end":{"line":36,"column":27}},"5":{"start":{"line":38,"column":6},"end":{"line":44,"column":7}},"6":{"start":{"line":39,"column":8},"end":{"line":43,"column":19}},"7":{"start":{"line":40,"column":10},"end":{"line":42,"column":11}},"8":{"start":{"line":41,"column":12},"end":{"line":41,"column":44}},"9":{"start":{"line":48,"column":28},"end":{"line":48,"column":38}},"10":{"start":{"line":49,"column":6},"end":{"line":53,"column":7}},"11":{"start":{"line":50,"column":8},"end":{"line":52,"column":9}},"12":{"start":{"line":51,"column":10},"end":{"line":51,"column":33}},"13":{"start":{"line":82,"column":22},"end":{"line":82,"column":30}},"14":{"start":{"line":84,"column":6},"end":{"line":106,"column":10}},"15":{"start":{"line":86,"column":42},"end":{"line":86,"column":45}},"16":{"start":{"line":88,"column":39},"end":{"line":90,"column":26}},"17":{"start":{"line":92,"column":10},"end":{"line":92,"column":79}},"18":{"start":{"line":94,"column":10},"end":{"line":94,"column":58}},"19":{"start":{"line":96,"column":10},"end":{"line":98,"column":13}},"20":{"start":{"line":100,"column":10},"end":{"line":102,"column":12}},"21":{"start":{"line":103,"column":10},"end":{"line":105,"column":11}},"22":{"start":{"line":104,"column":12},"end":{"line":104,"column":27}},"23":{"start":{"line":110,"column":47},"end":{"line":110,"column":57}},"24":{"start":{"line":112,"column":6},"end":{"line":120,"column":9}},"25":{"start":{"line":124,"column":2},"end":{"line":124,"column":25}}},"fnMap":{"0":{"name":"EnhanceLoadable","decl":{"start":{"line":14,"column":24},"end":{"line":14,"column":39}},"loc":{"start":{"line":14,"column":45},"end":{"line":125,"column":1}},"line":14},"1":{"name":"(anonymous_1)","decl":{"start":{"line":24,"column":4},"end":{"line":24,"column":5}},"loc":{"start":{"line":24,"column":23},"end":{"line":32,"column":5}},"line":24},"2":{"name":"(anonymous_2)","decl":{"start":{"line":34,"column":4},"end":{"line":34,"column":5}},"loc":{"start":{"line":34,"column":24},"end":{"line":45,"column":5}},"line":34},"3":{"name":"(anonymous_3)","decl":{"start":{"line":39,"column":19},"end":{"line":39,"column":20}},"loc":{"start":{"line":39,"column":25},"end":{"line":43,"column":9}},"line":39},"4":{"name":"(anonymous_4)","decl":{"start":{"line":47,"column":4},"end":{"line":47,"column":5}},"loc":{"start":{"line":47,"column":43},"end":{"line":54,"column":5}},"line":47},"5":{"name":"(anonymous_5)","decl":{"start":{"line":81,"column":21},"end":{"line":81,"column":22}},"loc":{"start":{"line":81,"column":27},"end":{"line":107,"column":5}},"line":81},"6":{"name":"(anonymous_6)","decl":{"start":{"line":85,"column":14},"end":{"line":85,"column":15}},"loc":{"start":{"line":85,"column":23},"end":{"line":99,"column":9}},"line":85},"7":{"name":"(anonymous_7)","decl":{"start":{"line":99,"column":11},"end":{"line":99,"column":12}},"loc":{"start":{"line":99,"column":18},"end":{"line":106,"column":9}},"line":99},"8":{"name":"(anonymous_8)","decl":{"start":{"line":109,"column":4},"end":{"line":109,"column":5}},"loc":{"start":{"line":109,"column":13},"end":{"line":121,"column":5}},"line":109}},"branchMap":{"0":{"loc":{"start":{"line":38,"column":6},"end":{"line":44,"column":7}},"type":"if","locations":[{"start":{"line":38,"column":6},"end":{"line":44,"column":7}},{"start":{"line":38,"column":6},"end":{"line":44,"column":7}}],"line":38},"1":{"loc":{"start":{"line":40,"column":10},"end":{"line":42,"column":11}},"type":"if","locations":[{"start":{"line":40,"column":10},"end":{"line":42,"column":11}},{"start":{"line":40,"column":10},"end":{"line":42,"column":11}}],"line":40},"2":{"loc":{"start":{"line":49,"column":6},"end":{"line":53,"column":7}},"type":"if","locations":[{"start":{"line":49,"column":6},"end":{"line":53,"column":7}},{"start":{"line":49,"column":6},"end":{"line":53,"column":7}}],"line":49},"3":{"loc":{"start":{"line":49,"column":10},"end":{"line":49,"column":42}},"type":"binary-expr","locations":[{"start":{"line":49,"column":10},"end":{"line":49,"column":29}},{"start":{"line":49,"column":33},"end":{"line":49,"column":42}}],"line":49},"4":{"loc":{"start":{"line":50,"column":8},"end":{"line":52,"column":9}},"type":"if","locations":[{"start":{"line":50,"column":8},"end":{"line":52,"column":9}},{"start":{"line":50,"column":8},"end":{"line":52,"column":9}}],"line":50},"5":{"loc":{"start":{"line":50,"column":12},"end":{"line":50,"column":62}},"type":"binary-expr","locations":[{"start":{"line":50,"column":12},"end":{"line":50,"column":24}},{"start":{"line":50,"column":28},"end":{"line":50,"column":62}}],"line":50},"6":{"loc":{"start":{"line":88,"column":39},"end":{"line":90,"column":26}},"type":"binary-expr","locations":[{"start":{"line":88,"column":39},"end":{"line":88,"column":60}},{"start":{"line":89,"column":15},"end":{"line":89,"column":29}},{"start":{"line":90,"column":15},"end":{"line":90,"column":26}}],"line":88},"7":{"loc":{"start":{"line":103,"column":10},"end":{"line":105,"column":11}},"type":"if","locations":[{"start":{"line":103,"column":10},"end":{"line":105,"column":11}},{"start":{"line":103,"column":10},"end":{"line":105,"column":11}}],"line":103},"8":{"loc":{"start":{"line":103,"column":14},"end":{"line":103,"column":66}},"type":"binary-expr","locations":[{"start":{"line":103,"column":14},"end":{"line":103,"column":27}},{"start":{"line":103,"column":31},"end":{"line":103,"column":66}}],"line":103},"9":{"loc":{"start":{"line":112,"column":13},"end":{"line":120,"column":9}},"type":"cond-expr","locations":[{"start":{"line":113,"column":10},"end":{"line":113,"column":31}},{"start":{"line":115,"column":10},"end":{"line":119,"column":12}}],"line":112}},"s":{"0":2,"1":2,"2":2,"3":2,"4":2,"5":2,"6":0,"7":0,"8":0,"9":2,"10":2,"11":1,"12":0,"13":2,"14":2,"15":1,"16":1,"17":1,"18":1,"19":1,"20":1,"21":1,"22":0,"23":4,"24":4,"25":2},"f":{"0":2,"1":2,"2":2,"3":0,"4":2,"5":2,"6":1,"7":1,"8":4},"b":{"0":[0,2],"1":[0,0],"2":[1,1],"3":[2,2],"4":[0,1],"5":[1,0],"6":[1,1,0],"7":[0,1],"8":[1,0],"9":[1,3]},"_coverageSchema":"332fd63041d2c1bcb487cc26dd0d5f7d97098a6c","hash":"8e8d3eaa328297c7b50d5de6164fe8cab9acfa04"}
}
