TN:
SF:/Users/lizhuang/gitcode/mifanfan-loadable/src/index.js
FN:14,EnhanceLoadable
FN:24,(anonymous_1)
FN:34,(anonymous_2)
FN:39,(anonymous_3)
FN:47,(anonymous_4)
FN:81,(anonymous_5)
FN:85,(anonymous_6)
FN:99,(anonymous_7)
FN:109,(anonymous_8)
FNF:9
FNH:8
FNDA:2,EnhanceLoadable
FNDA:2,(anonymous_1)
FNDA:2,(anonymous_2)
FNDA:0,(anonymous_3)
FNDA:2,(anonymous_4)
FNDA:2,(anonymous_5)
FNDA:1,(anonymous_6)
FNDA:1,(anonymous_7)
FNDA:4,(anonymous_8)
DA:21,2
DA:25,2
DA:27,2
DA:35,2
DA:36,2
DA:38,2
DA:39,0
DA:40,0
DA:41,0
DA:48,2
DA:49,2
DA:50,1
DA:51,0
DA:82,2
DA:84,2
DA:86,1
DA:88,1
DA:92,1
DA:94,1
DA:96,1
DA:100,1
DA:103,1
DA:104,0
DA:110,4
DA:112,4
DA:124,2
LF:26
LH:21
BRDA:38,0,0,0
BRDA:38,0,1,2
BRDA:40,1,0,0
BRDA:40,1,1,0
BRDA:49,2,0,1
BRDA:49,2,1,1
BRDA:49,3,0,2
BRDA:49,3,1,2
BRDA:50,4,0,0
BRDA:50,4,1,1
BRDA:50,5,0,1
BRDA:50,5,1,0
BRDA:88,6,0,1
BRDA:88,6,1,1
BRDA:88,6,2,0
BRDA:103,7,0,0
BRDA:103,7,1,1
BRDA:103,8,0,1
BRDA:103,8,1,0
BRDA:112,9,0,1
BRDA:112,9,1,3
BRF:21
BRH:13
end_of_record
